DEBUG 2024-08-07 17:17:29,685: Открытие главной >> page_index
DEBUG 2024-08-07 17:17:36,923: сlово для поиска - да >> page_search
DEBUG 2024-08-09 11:54:03,791: Открытие главной >> page_index
DEBUG 2024-08-09 11:54:07,393: сlово для поиска - fghgfh >> page_search
DEBUG 2024-08-09 12:04:28,837: Открытие главной >> page_index
DEBUG 2024-08-09 12:04:36,749: сlово для поиска - dfdfdsfsdf >> page_search
DEBUG 2024-08-09 12:04:38,794: Открытие главной >> page_index
DEBUG 2024-08-09 12:04:46,848: сlово для поиска - еда >> page_search
DEBUG 2024-08-09 12:04:54,461: сlово для поиска - да >> page_search
DEBUG 2024-08-09 12:05:02,686: Открытие главной >> page_index
DEBUG 2024-08-09 12:05:53,108: сlово для поиска - A >> page_search
DEBUG 2024-08-09 12:06:09,514: сlово для поиска - А >> page_search
DEBUG 2024-08-09 12:07:38,342: сlово для поиска -  >> page_search
DEBUG 2024-08-09 12:07:40,769: Открытие главной >> page_index
DEBUG 2024-08-09 12:07:42,776: сlово для поиска -  >> page_search
DEBUG 2024-08-09 12:07:47,559: сlово для поиска - да >> page_search
DEBUG 2024-08-09 12:12:38,340: Открытие главной >> page_index
DEBUG 2024-08-09 12:12:42,680: сlово для поиска - 12 >> page_search
DEBUG 2024-08-09 12:12:47,738: сlово для поиска - да >> page_search
DEBUG 2024-08-09 12:28:44,594: Открытие главной >> page_index
DEBUG 2024-08-09 12:28:49,847: сlово для поиска -   >> page_search
DEBUG 2024-08-09 12:28:54,766: сlово для поиска - да >> page_search
DEBUG 2024-08-09 12:29:51,505: Открытие главной >> page_index
DEBUG 2024-08-09 12:29:54,336: сlово для поиска - sds >> page_search
DEBUG 2024-08-09 12:29:59,225: сlово для поиска -  >> page_search
DEBUG 2024-08-09 12:29:59,654: сlово для поиска - да >> page_search
DEBUG 2024-08-09 12:30:29,149: Открытие главной >> page_index
DEBUG 2024-08-09 12:30:37,525: Открытие главной >> page_index
DEBUG 2024-08-09 12:30:40,153: сlово для поиска - да >> page_search
DEBUG 2024-08-09 12:30:44,299: сlово для поиска - да >> page_search
DEBUG 2024-08-09 12:32:07,630: сlово для поиска - None >> page_search
DEBUG 2024-08-09 12:33:25,270: сlово для поиска - dfdfdsfsdf >> page_search
DEBUG 2024-08-09 12:34:07,424: сlово для поиска - да >> page_search
DEBUG 2024-08-09 12:34:39,889: Открытие главной >> page_index
DEBUG 2024-08-09 12:34:43,843: Открытие главной >> page_index
DEBUG 2024-08-09 12:34:44,678: сlово для поиска - да >> page_search
DEBUG 2024-08-09 12:34:52,856: сlово для поиска -  >> page_search
DEBUG 2024-08-09 12:34:53,323: сlово для поиска - да >> page_search
DEBUG 2024-08-09 12:35:11,693: Открытие главной >> page_index
DEBUG 2024-08-09 12:35:14,469: сlово для поиска - да >> page_search
DEBUG 2024-08-09 12:35:26,657: Открытие главной >> page_index
DEBUG 2024-08-09 12:35:27,429: сlово для поиска - да >> page_search
DEBUG 2024-08-09 12:36:15,317: Открытие главной >> page_index
DEBUG 2024-08-09 12:40:17,540: Открытие главной >> page_index
DEBUG 2024-08-09 12:40:19,585: Открытие главной >> page_index
DEBUG 2024-08-09 12:40:28,789: Открытие главной >> page_index
DEBUG 2024-08-09 12:42:58,154: сlово для поиска - None >> page_search
DEBUG 2024-08-09 12:44:58,177: Открытие главной >> page_index
DEBUG 2024-08-09 12:44:59,371: сlово для поиска - да >> page_search
DEBUG 2024-08-09 12:45:09,982: сlово для поиска - None >> page_search
DEBUG 2024-08-09 12:51:05,511: сlово для поиска - None >> page_search
DEBUG 2024-08-09 12:52:11,050: сlово для поиска - None >> page_search
DEBUG 2024-08-09 12:57:05,300: сlово для поиска - None >> page_search
DEBUG 2024-08-09 12:58:26,229: сlово для поиска - None >> page_search
DEBUG 2024-08-09 12:58:47,995: сlово для поиска - None >> page_search
DEBUG 2024-08-09 12:58:52,051: сlово для поиска - None >> page_search
DEBUG 2024-08-09 13:01:07,096: сlово для поиска -  >> page_search
DEBUG 2024-08-09 13:01:10,929: сlово для поиска -  >> page_search
DEBUG 2024-08-09 13:01:12,867: сlово для поиска -  >> page_search
DEBUG 2024-08-09 13:01:20,617: сlово для поиска - sdfsdf >> page_search
DEBUG 2024-08-09 13:01:25,849: сlово для поиска - sdfsdf >> page_search
DEBUG 2024-08-09 13:01:27,178: сlово для поиска -  >> page_search
DEBUG 2024-08-09 17:47:33,352: Открытие главной >> page_index
